2026-03-19 00:14:21  INFO      ───────────────────────────────────────────────────────
2026-03-19 00:14:21  INFO      SCAN START
2026-03-19 00:14:21  INFO      Markets: 32 active above $100,000
2026-03-19 00:14:21  INFO      BTC/USDT: $71,632
2026-03-19 00:14:44  INFO      SIGNAL  BUY   EV=6311.33%  $    396  Will Bitcoin reach $150,000 in March?
2026-03-19 00:14:44  INFO      SIGNAL  BUY   EV=631.52%  $    500  Will the Iranian regime fall by March 31?
2026-03-19 00:14:44  INFO      SIGNAL  BUY   EV=280.48%  $    500  US x Iran ceasefire by March 31?
2026-03-19 00:14:44  INFO      SIGNAL  BUY   EV=38.44%  $    383  US forces enter Iran by March 31?
2026-03-19 00:14:44  INFO      SCAN END — 4 signal(s)
2026-03-19 00:14:44  INFO      Telegram not configured yet (Step 4).
2026-03-19 00:17:25  INFO      ───────────────────────────────────────────────────────
2026-03-19 00:17:25  INFO      SCAN START
2026-03-19 00:17:26  INFO      Markets: 32 active above $100,000
2026-03-19 00:17:26  INFO      BTC/USDT: $71,529
2026-03-19 00:17:48  INFO      SIGNAL  BUY   EV=6311.33%  $    396  Will Bitcoin reach $150,000 in March?
2026-03-19 00:17:48  INFO      SIGNAL  BUY   EV=631.52%  $    500  Will the Iranian regime fall by March 31?
2026-03-19 00:17:48  INFO      SIGNAL  BUY   EV=280.48%  $    500  US x Iran ceasefire by March 31?
2026-03-19 00:17:48  INFO      SIGNAL  BUY   EV=38.44%  $    383  US forces enter Iran by March 31?
2026-03-19 00:17:48  INFO      SCAN END — 4 signal(s)
2026-03-19 00:17:48  INFO      Telegram not configured (add tokens to Railway env vars).
2026-03-19 00:24:55  INFO      ───────────────────────────────────────────────────────
2026-03-19 00:24:55  INFO      SCAN START
2026-03-19 00:24:56  INFO      Markets: 32 active above $100,000
2026-03-19 00:24:56  INFO      BTC/USDT: $71,094
2026-03-19 00:25:17  INFO      SIGNAL  BUY   EV=6088.52%  $    382  Will Bitcoin reach $150,000 in March?
2026-03-19 00:25:17  INFO      SIGNAL  BUY   EV=649.80%  $    500  Will the Iranian regime fall by March 31?
2026-03-19 00:25:17  INFO      SIGNAL  BUY   EV=289.37%  $    500  US x Iran ceasefire by March 31?
2026-03-19 00:25:17  INFO      SIGNAL  BUY   EV=40.86%  $    406  US forces enter Iran by March 31?
2026-03-19 00:25:17  INFO      SCAN END — 4 signal(s)
2026-03-19 00:25:18  INFO      Telegram summary sent (4 signal(s))
